ERROR StackTrace - Full Stack Trace:
org.springframework.beans.factory.BeanCreationNotAllowedException: Error creating bean with name 'grailsUrlConverter': Singleton bean creation not allowed while the singletons of this factory are in destruction (Do not request a bean from a BeanFactory in a destroy method implementation!)
	at org.springframework.beans.factory.support.DefaultSingletonBeanRegistry.getSingleton(DefaultSingletonBeanRegistry.java:216)
	at org.springframework.beans.factory.support.AbstractBeanFactory.doGetBean(AbstractBeanFactory.java:302)
	at org.springframework.beans.factory.support.AbstractBeanFactory.getBean(AbstractBeanFactory.java:202)
	at org.springframework.context.support.AbstractApplicationContext.getBean(AbstractApplicationContext.java:1060)
	at org.grails.web.mapping.DefaultUrlMappingInfo.<init>(DefaultUrlMappingInfo.java:88)
	at org.grails.web.mapping.DefaultUrlMappingInfo.<init>(DefaultUrlMappingInfo.java:103)
	at org.grails.web.mapping.DefaultUrlMappingInfo.<init>(DefaultUrlMappingInfo.java:98)
	at org.grails.web.mapping.ResponseCodeUrlMapping.match(ResponseCodeUrlMapping.java:145)
	at org.grails.web.mapping.DefaultUrlMappingsHolder.matchStatusCode(DefaultUrlMappingsHolder.java:566)
	at org.grails.web.mapping.mvc.AbstractGrailsControllerUrlMappings.matchStatusCode(AbstractGrailsControllerUrlMappings.groovy:124)
	at sun.reflect.NativeMethodAccessorImpl.invoke0(Native Method)
	at sun.reflect.NativeMethodAccessorImpl.invoke(NativeMethodAccessorImpl.java:62)
	at sun.reflect.DelegatingMethodAccessorImpl.invoke(DelegatingMethodAccessorImpl.java:43)
	at java.lang.reflect.Method.invoke(Method.java:498)
	at org.springsource.loaded.ri.ReflectiveInterceptor.jlrMethodInvoke(ReflectiveInterceptor.java:1432)
	at org.springframework.aop.support.AopUtils.invokeJoinpointUsingReflection(AopUtils.java:302)
	at org.springframework.aop.framework.JdkDynamicAopProxy.invoke(JdkDynamicAopProxy.java:202)
	at com.sun.proxy.$Proxy78.matchStatusCode(Unknown Source)
	at org.grails.web.mapping.mvc.UrlMappingsHandlerMapping.getHandlerInternal(UrlMappingsHandlerMapping.groovy:136)
	at org.springframework.web.servlet.handler.AbstractHandlerMapping.getHandler(AbstractHandlerMapping.java:351)
	at org.springframework.web.servlet.DispatcherServlet.getHandler(DispatcherServlet.java:1120)
	at org.springframework.web.servlet.DispatcherServlet.doDispatch(DispatcherServlet.java:932)
	at org.springframework.web.servlet.DispatcherServlet.doService(DispatcherServlet.java:893)
	at org.springframework.web.servlet.FrameworkServlet.processRequest(FrameworkServlet.java:969)
	at org.springframework.web.servlet.FrameworkServlet.doPost(FrameworkServlet.java:871)
	at javax.servlet.http.HttpServlet.service(HttpServlet.java:648)
	at org.springframework.web.servlet.FrameworkServlet.service(FrameworkServlet.java:845)
	at javax.servlet.http.HttpServlet.service(HttpServlet.java:729)
	at org.apache.catalina.core.ApplicationFilterChain.internalDoFilter(ApplicationFilterChain.java:292)
	at org.apache.catalina.core.ApplicationFilterChain.doFilter(ApplicationFilterChain.java:207)
	at org.springframework.security.web.FilterChainProxy$VirtualFilterChain.doFilter(FilterChainProxy.java:316)
	at org.springframework.security.web.access.intercept.FilterSecurityInterceptor.invoke(FilterSecurityInterceptor.java:115)
	at org.springframework.security.web.access.intercept.FilterSecurityInterceptor.doFilter(FilterSecurityInterceptor.java:90)
	at org.springframework.security.web.FilterChainProxy$VirtualFilterChain.doFilter(FilterChainProxy.java:330)
	at org.springframework.security.web.access.ExceptionTranslationFilter.doFilter(ExceptionTranslationFilter.java:114)
	at org.springframework.security.web.FilterChainProxy$VirtualFilterChain.doFilter(FilterChainProxy.java:330)
	at grails.plugin.springsecurity.web.filter.GrailsAnonymousAuthenticationFilter.doFilter(GrailsAnonymousAuthenticationFilter.groovy:53)
	at org.springframework.security.web.FilterChainProxy$VirtualFilterChain.doFilter(FilterChainProxy.java:330)
	at org.springframework.security.web.authentication.rememberme.RememberMeAuthenticationFilter.doFilter(RememberMeAuthenticationFilter.java:149)
	at org.springframework.security.web.FilterChainProxy$VirtualFilterChain.doFilter(FilterChainProxy.java:330)
	at org.springframework.security.web.servletapi.SecurityContextHolderAwareRequestFilter.doFilter(SecurityContextHolderAwareRequestFilter.java:169)
	at org.springframework.security.web.FilterChainProxy$VirtualFilterChain.doFilter(FilterChainProxy.java:330)
	at org.springframework.security.web.authentication.AbstractAuthenticationProcessingFilter.doFilter(AbstractAuthenticationProcessingFilter.java:205)
	at org.springframework.security.web.FilterChainProxy$VirtualFilterChain.doFilter(FilterChainProxy.java:330)
	at grails.plugin.springsecurity.web.authentication.logout.MutableLogoutFilter.doFilter(MutableLogoutFilter.groovy:62)
	at org.springframework.security.web.FilterChainProxy$VirtualFilterChain.doFilter(FilterChainProxy.java:330)
	at org.springframework.security.web.context.SecurityContextPersistenceFilter.doFilter(SecurityContextPersistenceFilter.java:91)
	at org.springframework.security.web.FilterChainProxy$VirtualFilterChain.doFilter(FilterChainProxy.java:330)
	at grails.plugin.springsecurity.web.SecurityRequestHolderFilter.doFilter(SecurityRequestHolderFilter.groovy:58)
	at org.springframework.security.web.FilterChainProxy$VirtualFilterChain.doFilter(FilterChainProxy.java:330)
	at org.springframework.security.web.FilterChainProxy.doFilterInternal(FilterChainProxy.java:213)
	at org.springframework.security.web.FilterChainProxy.doFilter(FilterChainProxy.java:176)
	at org.apache.catalina.core.ApplicationFilterChain.internalDoFilter(ApplicationFilterChain.java:240)
	at org.apache.catalina.core.ApplicationFilterChain.doFilter(ApplicationFilterChain.java:207)
	at org.apache.catalina.core.ApplicationDispatcher.invoke(ApplicationDispatcher.java:720)
	at org.apache.catalina.core.ApplicationDispatcher.processRequest(ApplicationDispatcher.java:468)
	at org.apache.catalina.core.ApplicationDispatcher.doForward(ApplicationDispatcher.java:391)
	at org.apache.catalina.core.ApplicationDispatcher.forward(ApplicationDispatcher.java:318)
	at org.apache.catalina.core.StandardHostValve.custom(StandardHostValve.java:445)
	at org.apache.catalina.core.StandardHostValve.status(StandardHostValve.java:304)
	at org.apache.catalina.core.StandardHostValve.throwable(StandardHostValve.java:399)
	at org.apache.catalina.core.StandardHostValve.invoke(StandardHostValve.java:179)
	at org.apache.catalina.valves.ErrorReportValve.invoke(ErrorReportValve.java:79)
	at org.apache.catalina.core.StandardEngineValve.invoke(StandardEngineValve.java:88)
	at org.apache.catalina.connector.CoyoteAdapter.service(CoyoteAdapter.java:522)
	at org.apache.coyote.http11.AbstractHttp11Processor.process(AbstractHttp11Processor.java:1095)
	at org.apache.coyote.AbstractProtocol$AbstractConnectionHandler.process(AbstractProtocol.java:672)
	at org.apache.tomcat.util.net.NioEndpoint$SocketProcessor.doRun(NioEndpoint.java:1500)
	at org.apache.tomcat.util.net.NioEndpoint$SocketProcessor.run(NioEndpoint.java:1456)
	at java.util.concurrent.ThreadPoolExecutor.runWorker(ThreadPoolExecutor.java:1142)
	at java.util.concurrent.ThreadPoolExecutor$Worker.run(ThreadPoolExecutor.java:617)
	at org.apache.tomcat.util.threads.TaskThread$WrappingRunnable.run(TaskThread.java:61)
	at java.lang.Thread.run(Thread.java:745)
ERROR StackTrace - Full Stack Trace:
org.springframework.beans.factory.BeanCreationNotAllowedException: Error creating bean with name 'grailsUrlConverter': Singleton bean creation not allowed while the singletons of this factory are in destruction (Do not request a bean from a BeanFactory in a destroy method implementation!)
	at grails.plugin.springsecurity.web.filter.GrailsAnonymousAuthenticationFilter.doFilter(GrailsAnonymousAuthenticationFilter.groovy:53)
	at grails.plugin.springsecurity.web.authentication.logout.MutableLogoutFilter.doFilter(MutableLogoutFilter.groovy:62)
	at grails.plugin.springsecurity.web.SecurityRequestHolderFilter.doFilter(SecurityRequestHolderFilter.groovy:58)
	at java.util.concurrent.ThreadPoolExecutor.runWorker(ThreadPoolExecutor.java:1142)
	at java.util.concurrent.ThreadPoolExecutor$Worker.run(ThreadPoolExecutor.java:617)
	at java.lang.Thread.run(Thread.java:745)
ERROR StackTrace - Full Stack Trace:
org.springframework.beans.factory.BeanCreationNotAllowedException: Error creating bean with name 'codecLookup': Singleton bean creation not allowed while the singletons of this factory are in destruction (Do not request a bean from a BeanFactory in a destroy method implementation!)
	at org.springframework.beans.factory.support.DefaultSingletonBeanRegistry.getSingleton(DefaultSingletonBeanRegistry.java:216)
	at org.springframework.beans.factory.support.AbstractBeanFactory.doGetBean(AbstractBeanFactory.java:302)
	at org.springframework.beans.factory.support.AbstractBeanFactory.getBean(AbstractBeanFactory.java:202)
	at org.springframework.context.support.AbstractApplicationContext.getBean(AbstractApplicationContext.java:1060)
	at org.grails.encoder.CodecLookupHelper.lookupEncoder(CodecLookupHelper.java:41)
	at org.grails.taglib.encoder.WithCodecHelper.lookupEncoder(WithCodecHelper.groovy:181)
	at org.grails.gsp.GroovyPageMetaInfo.getCodec(GroovyPageMetaInfo.java:140)
	at org.grails.gsp.GroovyPageMetaInfo.initialize(GroovyPageMetaInfo.java:129)
	at org.grails.gsp.GroovyPagesTemplateEngine.createPageMetaInfo(GroovyPagesTemplateEngine.java:655)
	at org.grails.gsp.GroovyPagesTemplateEngine.buildPageMetaInfo(GroovyPagesTemplateEngine.java:552)
	at org.grails.gsp.GroovyPagesTemplateEngine.buildPageMetaInfo(GroovyPagesTemplateEngine.java:446)
	at org.grails.gsp.GroovyPagesTemplateEngine$GroovyPagesTemplateEngineCacheEntry.updateValue(GroovyPagesTemplateEngine.java:136)
	at org.grails.gsp.GroovyPagesTemplateEngine$GroovyPagesTemplateEngineCacheEntry.updateValue(GroovyPagesTemplateEngine.java:115)
	at grails.util.CacheEntry.getValue(CacheEntry.java:144)
	at grails.util.CacheEntry.getValue(CacheEntry.java:84)
	at org.grails.gsp.GroovyPagesTemplateEngine.createTemplate(GroovyPagesTemplateEngine.java:282)
	at org.grails.gsp.GroovyPagesTemplateEngine.createTemplate(GroovyPagesTemplateEngine.java:272)
	at org.grails.gsp.GroovyPagesTemplateEngine.createTemplate(GroovyPagesTemplateEngine.java:374)
	at org.grails.web.servlet.view.GroovyPageView.initTemplate(GroovyPageView.java:178)
	at org.grails.web.servlet.view.GroovyPageView.afterPropertiesSet(GroovyPageView.java:167)
	at org.grails.web.servlet.view.GroovyPageViewResolver.createGroovyPageView(GroovyPageViewResolver.java:210)
	at org.grails.web.servlet.view.GroovyPageViewResolver.createGrailsView(GroovyPageViewResolver.java:192)
	at org.grails.web.servlet.view.GroovyPageViewResolver.loadView(GroovyPageViewResolver.java:97)
	at grails.plugin.scaffolding.ScaffoldingViewResolver.loadView(ScaffoldingViewResolver.groovy:36)
	at org.springframework.web.servlet.view.AbstractCachingViewResolver.createView(AbstractCachingViewResolver.java:244)
	at org.springframework.web.servlet.view.UrlBasedViewResolver.createView(UrlBasedViewResolver.java:446)
	at org.springframework.web.servlet.view.AbstractCachingViewResolver.resolveViewName(AbstractCachingViewResolver.java:146)
	at org.grails.web.servlet.view.GroovyPageViewResolver.resolveViewName(GroovyPageViewResolver.java:86)
	at org.grails.web.servlet.view.GrailsLayoutViewResolver.resolveViewName(GrailsLayoutViewResolver.java:50)
	at org.springframework.web.servlet.DispatcherServlet.resolveViewName(DispatcherServlet.java:1282)
	at org.springframework.web.servlet.DispatcherServlet.render(DispatcherServlet.java:1223)
	at org.springframework.web.servlet.DispatcherServlet.processDispatchResult(DispatcherServlet.java:1027)
	at org.springframework.web.servlet.DispatcherServlet.doDispatch(DispatcherServlet.java:971)
	at org.springframework.web.servlet.DispatcherServlet.doService(DispatcherServlet.java:893)
	at org.springframework.web.servlet.FrameworkServlet.processRequest(FrameworkServlet.java:969)
	at org.springframework.web.servlet.FrameworkServlet.doPost(FrameworkServlet.java:871)
	at javax.servlet.http.HttpServlet.service(HttpServlet.java:648)
	at org.springframework.web.servlet.FrameworkServlet.service(FrameworkServlet.java:845)
	at javax.servlet.http.HttpServlet.service(HttpServlet.java:729)
	at org.apache.catalina.core.ApplicationFilterChain.internalDoFilter(ApplicationFilterChain.java:292)
	at org.apache.catalina.core.ApplicationFilterChain.doFilter(ApplicationFilterChain.java:207)
	at org.springframework.security.web.FilterChainProxy$VirtualFilterChain.doFilter(FilterChainProxy.java:316)
	at org.springframework.security.web.access.intercept.FilterSecurityInterceptor.invoke(FilterSecurityInterceptor.java:115)
	at org.springframework.security.web.access.intercept.FilterSecurityInterceptor.doFilter(FilterSecurityInterceptor.java:90)
	at org.springframework.security.web.FilterChainProxy$VirtualFilterChain.doFilter(FilterChainProxy.java:330)
	at org.springframework.security.web.access.ExceptionTranslationFilter.doFilter(ExceptionTranslationFilter.java:114)
	at org.springframework.security.web.FilterChainProxy$VirtualFilterChain.doFilter(FilterChainProxy.java:330)
	at grails.plugin.springsecurity.web.filter.GrailsAnonymousAuthenticationFilter.doFilter(GrailsAnonymousAuthenticationFilter.groovy:53)
	at org.springframework.security.web.FilterChainProxy$VirtualFilterChain.doFilter(FilterChainProxy.java:330)
	at org.springframework.security.web.authentication.rememberme.RememberMeAuthenticationFilter.doFilter(RememberMeAuthenticationFilter.java:149)
	at org.springframework.security.web.FilterChainProxy$VirtualFilterChain.doFilter(FilterChainProxy.java:330)
	at org.springframework.security.web.servletapi.SecurityContextHolderAwareRequestFilter.doFilter(SecurityContextHolderAwareRequestFilter.java:169)
	at org.springframework.security.web.FilterChainProxy$VirtualFilterChain.doFilter(FilterChainProxy.java:330)
	at org.springframework.security.web.authentication.AbstractAuthenticationProcessingFilter.doFilter(AbstractAuthenticationProcessingFilter.java:205)
	at org.springframework.security.web.FilterChainProxy$VirtualFilterChain.doFilter(FilterChainProxy.java:330)
	at grails.plugin.springsecurity.web.authentication.logout.MutableLogoutFilter.doFilter(MutableLogoutFilter.groovy:62)
	at org.springframework.security.web.FilterChainProxy$VirtualFilterChain.doFilter(FilterChainProxy.java:330)
	at org.springframework.security.web.context.SecurityContextPersistenceFilter.doFilter(SecurityContextPersistenceFilter.java:91)
	at org.springframework.security.web.FilterChainProxy$VirtualFilterChain.doFilter(FilterChainProxy.java:330)
	at grails.plugin.springsecurity.web.SecurityRequestHolderFilter.doFilter(SecurityRequestHolderFilter.groovy:58)
	at org.springframework.security.web.FilterChainProxy$VirtualFilterChain.doFilter(FilterChainProxy.java:330)
	at org.springframework.security.web.FilterChainProxy.doFilterInternal(FilterChainProxy.java:213)
	at org.springframework.security.web.FilterChainProxy.doFilter(FilterChainProxy.java:176)
	at org.apache.catalina.core.ApplicationFilterChain.internalDoFilter(ApplicationFilterChain.java:240)
	at org.apache.catalina.core.ApplicationFilterChain.doFilter(ApplicationFilterChain.java:207)
	at org.apache.catalina.core.ApplicationDispatcher.invoke(ApplicationDispatcher.java:720)
	at org.apache.catalina.core.ApplicationDispatcher.processRequest(ApplicationDispatcher.java:468)
	at org.apache.catalina.core.ApplicationDispatcher.doForward(ApplicationDispatcher.java:391)
	at org.apache.catalina.core.ApplicationDispatcher.forward(ApplicationDispatcher.java:318)
	at org.apache.catalina.core.StandardHostValve.custom(StandardHostValve.java:445)
	at org.apache.catalina.core.StandardHostValve.status(StandardHostValve.java:304)
	at org.apache.catalina.core.StandardHostValve.throwable(StandardHostValve.java:399)
	at org.apache.catalina.core.StandardHostValve.invoke(StandardHostValve.java:179)
	at org.apache.catalina.valves.ErrorReportValve.invoke(ErrorReportValve.java:79)
	at org.apache.catalina.core.StandardEngineValve.invoke(StandardEngineValve.java:88)
	at org.apache.catalina.connector.CoyoteAdapter.service(CoyoteAdapter.java:522)
	at org.apache.coyote.http11.AbstractHttp11Processor.process(AbstractHttp11Processor.java:1095)
	at org.apache.coyote.AbstractProtocol$AbstractConnectionHandler.process(AbstractProtocol.java:672)
	at org.apache.tomcat.util.net.NioEndpoint$SocketProcessor.doRun(NioEndpoint.java:1500)
	at org.apache.tomcat.util.net.NioEndpoint$SocketProcessor.run(NioEndpoint.java:1456)
	at java.util.concurrent.ThreadPoolExecutor.runWorker(ThreadPoolExecutor.java:1142)
	at java.util.concurrent.ThreadPoolExecutor$Worker.run(ThreadPoolExecutor.java:617)
	at org.apache.tomcat.util.threads.TaskThread$WrappingRunnable.run(TaskThread.java:61)
	at java.lang.Thread.run(Thread.java:745)
ERROR StackTrace - Full Stack Trace:
org.springframework.beans.factory.BeanCreationNotAllowedException: Error creating bean with name 'codecLookup': Singleton bean creation not allowed while the singletons of this factory are in destruction (Do not request a bean from a BeanFactory in a destroy method implementation!)
	at grails.util.CacheEntry.getValue(CacheEntry.java:144)
	at grails.util.CacheEntry.getValue(CacheEntry.java:84)
	at grails.plugin.scaffolding.ScaffoldingViewResolver.loadView(ScaffoldingViewResolver.groovy:36)
	at grails.plugin.springsecurity.web.filter.GrailsAnonymousAuthenticationFilter.doFilter(GrailsAnonymousAuthenticationFilter.groovy:53)
	at grails.plugin.springsecurity.web.authentication.logout.MutableLogoutFilter.doFilter(MutableLogoutFilter.groovy:62)
	at grails.plugin.springsecurity.web.SecurityRequestHolderFilter.doFilter(SecurityRequestHolderFilter.groovy:58)
	at java.util.concurrent.ThreadPoolExecutor.runWorker(ThreadPoolExecutor.java:1142)
	at java.util.concurrent.ThreadPoolExecutor$Worker.run(ThreadPoolExecutor.java:617)
	at java.lang.Thread.run(Thread.java:745)
